<?xml version="1.0" encoding="UTF-8"?>
<!-- Generated by org.testng.reporters.JUnitReportReporter -->
<testsuite skipped="0" hostname="LAPTOP-CU4Q43D9" name="com_ActiTime_Tests.VerifyversionTest" tests="2" failures="0" timestamp="06 Jan 2021 08:15:43 GMT" time="26.738" errors="0">
  <testcase name="verifyversion" time="12.665" classname="com_ActiTime_Tests.VerifyversionTest"/>
  <testcase name="verifyversion" time="14.073" classname="com_ActiTime_Tests.VerifyversionTest"/>
</testsuite> <!-- com_ActiTime_Tests.VerifyversionTest -->
