<?xml version="1.0" encoding="UTF-8"?>
<!-- Generated by org.testng.reporters.JUnitReportReporter -->
<testsuite skipped="0" hostname="LAPTOP-CU4Q43D9" name="com_ActiTime_Tests.Demo" tests="1" failures="0" timestamp="06 Jan 2021 14:39:50 GMT" time="0.008" errors="0">
  <testcase name="testA" time="0.008" classname="com_ActiTime_Tests.Demo"/>
</testsuite> <!-- com_ActiTime_Tests.Demo -->
